# JRE version: OpenJDK Runtime Environment (21.0.4) (build 21.0.4+-12508038-b607.1)
# Java VM: OpenJDK 64-Bit Server VM (21.0.4+-12508038-b607.1, mixed mode, tiered, compressed oops, compressed class ptrs, g1 gc, windows-amd64)
GC Precious Log:
 CardTable entry size: 512
 Card Set container configuration: InlinePtr #cards 5 size 8 Array Of Cards #cards 12 size 40 Howl #buckets 4 coarsen threshold 1843 Howl Bitmap #cards 512 size 80 coarsen threshold 460 Card regions per heap region 1 cards per card region 2048
 CPUs: 4 total, 4 available
 Memory: 3977M
 Large Page Support: Disabled
 NUMA Support: Disabled
 Compressed Oops: Enabled (32-bit)
 Heap Region Size: 1M
 Heap Min Capacity: 8M
 Heap Initial Capacity: 64M
 Heap Max Capacity: 2G
 Pre-touch: Disabled
 Parallel Workers: 4
 Concurrent Workers: 1
 Concurrent Refinement Workers: 4
 Periodic GC: Disabled
Heap:
 garbage-first heap   total 384000K, used 248570K [0x0000000080000000, 0x0000000100000000)
  region size 1024K, 2 young (2048K), 2 survivors (2048K)
 Metaspace       used 160464K, committed 161856K, reserved 1245184K
  class space    used 20875K, committed 21568K, reserved 1048576K
GC Heap History (20 events):
Event: 16432.413 GC heap after
{Heap after GC invocations=113 (full 2):
 garbage-first heap   total 380928K, used 136077K [0x0000000080000000, 0x0000000100000000)
  region size 1024K, 3 young (3072K), 3 survivors (3072K)
 Metaspace       used 160025K, committed 161408K, reserved 1245184K
  class space    used 20830K, committed 21504K, reserved 1048576K
}
Event: 16434.287 GC heap before
{Heap before GC invocations=114 (full 2):
 garbage-first heap   total 380928K, used 334733K [0x0000000080000000, 0x0000000100000000)
  region size 1024K, 197 young (201728K), 3 survivors (3072K)
 Metaspace       used 160029K, committed 161408K, reserved 1245184K
  class space    used 20830K, committed 21504K, reserved 1048576K
}
Event: 16434.299 GC heap after
{Heap after GC invocations=115 (full 2):
 garbage-first heap   total 380928K, used 138166K [0x0000000080000000, 0x0000000100000000)
  region size 1024K, 5 young (5120K), 5 survivors (5120K)
 Metaspace       used 160029K, committed 161408K, reserved 1245184K
  class space    used 20830K, committed 21504K, reserved 1048576K
}
Event: 16435.525 GC heap before
{Heap before GC invocations=115 (full 2):
 garbage-first heap   total 380928K, used 298934K [0x0000000080000000, 0x0000000100000000)
  region size 1024K, 162 young (165888K), 5 survivors (5120K)
 Metaspace       used 160030K, committed 161408K, reserved 1245184K
  class space    used 20830K, committed 21504K, reserved 1048576K
}
Event: 16435.536 GC heap after
{Heap after GC invocations=116 (full 2):
 garbage-first heap   total 380928K, used 140238K [0x0000000080000000, 0x0000000100000000)
  region size 1024K, 7 young (7168K), 7 survivors (7168K)
 Metaspace       used 160030K, committed 161408K, reserved 1245184K
  class space    used 20830K, committed 21504K, reserved 1048576K
}
Event: 16438.355 GC heap before
{Heap before GC invocations=116 (full 2):
 garbage-first heap   total 380928K, used 346062K [0x0000000080000000, 0x0000000100000000)
  region size 1024K, 206 young (210944K), 7 survivors (7168K)
 Metaspace       used 160103K, committed 161472K, reserved 1245184K
  class space    used 20837K, committed 21504K, reserved 1048576K
}
Event: 16438.361 GC heap after
{Heap after GC invocations=117 (full 2):
 garbage-first heap   total 380928K, used 134077K [0x0000000080000000, 0x0000000100000000)
  region size 1024K, 2 young (2048K), 2 survivors (2048K)
 Metaspace       used 160103K, committed 161472K, reserved 1245184K
  class space    used 20837K, committed 21504K, reserved 1048576K
}
Event: 16439.393 GC heap before
{Heap before GC invocations=117 (full 2):
 garbage-first heap   total 380928K, used 261053K [0x0000000080000000, 0x0000000100000000)
  region size 1024K, 127 young (130048K), 2 survivors (2048K)
 Metaspace       used 160456K, committed 161792K, reserved 1245184K
  class space    used 20881K, committed 21568K, reserved 1048576K
}
Event: 16439.405 GC heap after
{Heap after GC invocations=118 (full 2):
 garbage-first heap   total 380928K, used 137616K [0x0000000080000000, 0x0000000100000000)
  region size 1024K, 6 young (6144K), 6 survivors (6144K)
 Metaspace       used 160456K, committed 161792K, reserved 1245184K
  class space    used 20881K, committed 21568K, reserved 1048576K
}
Event: 16440.413 GC heap before
{Heap before GC invocations=119 (full 2):
 garbage-first heap   total 380928K, used 351632K [0x0000000080000000, 0x0000000100000000)
  region size 1024K, 210 young (215040K), 6 survivors (6144K)
 Metaspace       used 160467K, committed 161792K, reserved 1245184K
  class space    used 20882K, committed 21568K, reserved 1048576K
}
Event: 16440.450 GC heap after
{Heap after GC invocations=120 (full 2):
 garbage-first heap   total 380928K, used 154824K [0x0000000080000000, 0x0000000100000000)
  region size 1024K, 16 young (16384K), 16 survivors (16384K)
 Metaspace       used 160467K, committed 161792K, reserved 1245184K
  class space    used 20882K, committed 21568K, reserved 1048576K
}
Event: 16441.060 GC heap before
{Heap before GC invocations=120 (full 2):
 garbage-first heap   total 380928K, used 307400K [0x0000000080000000, 0x0000000100000000)
  region size 1024K, 163 young (166912K), 16 survivors (16384K)
 Metaspace       used 160467K, committed 161792K, reserved 1245184K
  class space    used 20882K, committed 21568K, reserved 1048576K
}
Event: 16441.103 GC heap after
{Heap after GC invocations=121 (full 2):
 garbage-first heap   total 380928K, used 165884K [0x0000000080000000, 0x0000000100000000)
  region size 1024K, 17 young (17408K), 17 survivors (17408K)
 Metaspace       used 160467K, committed 161792K, reserved 1245184K
  class space    used 20882K, committed 21568K, reserved 1048576K
}
Event: 16441.284 GC heap before
{Heap before GC invocations=121 (full 2):
 garbage-first heap   total 380928K, used 195580K [0x0000000080000000, 0x0000000100000000)
  region size 1024K, 45 young (46080K), 17 survivors (17408K)
 Metaspace       used 160468K, committed 161792K, reserved 1245184K
  class space    used 20882K, committed 21568K, reserved 1048576K
}
Event: 16441.334 GC heap after
{Heap after GC invocations=122 (full 2):
 garbage-first heap   total 380928K, used 185082K [0x0000000080000000, 0x0000000100000000)
  region size 1024K, 6 young (6144K), 6 survivors (6144K)
 Metaspace       used 160468K, committed 161792K, reserved 1245184K
  class space    used 20882K, committed 21568K, reserved 1048576K
}
Event: 16441.499 GC heap before
{Heap before GC invocations=122 (full 2):
 garbage-first heap   total 380928K, used 205562K [0x0000000080000000, 0x0000000100000000)
  region size 1024K, 28 young (28672K), 6 survivors (6144K)
 Metaspace       used 160474K, committed 161856K, reserved 1245184K
  class space    used 20882K, committed 21568K, reserved 1048576K
}
Event: 16441.542 GC heap after
{Heap after GC invocations=123 (full 2):
 garbage-first heap   total 380928K, used 203514K [0x0000000080000000, 0x0000000100000000)
  region size 1024K, 20 young (20480K), 20 survivors (20480K)
 Metaspace       used 160474K, committed 161856K, reserved 1245184K
  class space    used 20882K, committed 21568K, reserved 1048576K
}
Event: 16442.359 GC heap before
{Heap before GC invocations=124 (full 2):
 garbage-first heap   total 380928K, used 318202K [0x0000000080000000, 0x0000000100000000)
  region size 1024K, 133 young (136192K), 20 survivors (20480K)
 Metaspace       used 160464K, committed 161856K, reserved 1245184K
  class space    used 20875K, committed 21568K, reserved 1048576K
}
Event: 16442.495 GC heap after
{Heap after GC invocations=125 (full 2):
 garbage-first heap   total 384000K, used 246522K [0x0000000080000000, 0x0000000100000000)
  region size 1024K, 17 young (17408K), 17 survivors (17408K)
 Metaspace       used 160464K, committed 161856K, reserved 1245184K
  class space    used 20875K, committed 21568K, reserved 1048576K
}
Event: 16442.499 GC heap before
{Heap before GC invocations=125 (full 2):
 garbage-first heap   total 384000K, used 247546K [0x0000000080000000, 0x0000000100000000)
  region size 1024K, 18 young (18432K), 17 survivors (17408K)
 Metaspace       used 160464K, committed 161856K, reserved 1245184K
  class space    used 20875K, committed 21568K, reserved 1048576K
}

