# JRE version: OpenJDK Runtime Environment (21.0.4) (build 21.0.4+-12508038-b607.1)
# Java VM: OpenJDK 64-Bit Server VM (21.0.4+-12508038-b607.1, mixed mode, tiered, compressed oops, compressed class ptrs, g1 gc, windows-amd64)
GC Precious Log:
 CardTable entry size: 512
 Card Set container configuration: InlinePtr #cards 5 size 8 Array Of Cards #cards 12 size 40 Howl #buckets 4 coarsen threshold 1843 Howl Bitmap #cards 512 size 80 coarsen threshold 460 Card regions per heap region 1 cards per card region 2048
 CPUs: 4 total, 4 available
 Memory: 3977M
 Large Page Support: Disabled
 NUMA Support: Disabled
 Compressed Oops: Enabled (32-bit)
 Heap Region Size: 1M
 Heap Min Capacity: 8M
 Heap Initial Capacity: 64M
 Heap Max Capacity: 2G
 Pre-touch: Disabled
 Parallel Workers: 4
 Concurrent Workers: 1
 Concurrent Refinement Workers: 4
 Periodic GC: Disabled
Heap:
 garbage-first heap   total 541696K, used 446464K [0x0000000080000000, 0x0000000100000000)
  region size 1024K, 155 young (158720K), 25 survivors (25600K)
 Metaspace       used 219934K, committed 222912K, reserved 1245184K
  class space    used 28150K, committed 29696K, reserved 1048576K
GC Heap History (20 events):
Event: 309.941 GC heap before
{Heap before GC invocations=86 (full 0):
 garbage-first heap   total 421888K, used 392192K [0x0000000080000000, 0x0000000100000000)
  region size 1024K, 135 young (138240K), 15 survivors (15360K)
 Metaspace       used 201704K, committed 204672K, reserved 1245184K
  class space    used 25909K, committed 27392K, reserved 1048576K
}
Event: 310.111 GC heap after
{Heap after GC invocations=87 (full 0):
 garbage-first heap   total 445440K, used 293376K [0x0000000080000000, 0x0000000100000000)
  region size 1024K, 17 young (17408K), 17 survivors (17408K)
 Metaspace       used 201704K, committed 204672K, reserved 1245184K
  class space    used 25909K, committed 27392K, reserved 1048576K
}
Event: 310.366 GC heap before
{Heap before GC invocations=87 (full 0):
 garbage-first heap   total 445440K, used 297472K [0x0000000080000000, 0x0000000100000000)
  region size 1024K, 23 young (23552K), 17 survivors (17408K)
 Metaspace       used 201840K, committed 204800K, reserved 1245184K
  class space    used 25919K, committed 27456K, reserved 1048576K
}
Event: 310.450 GC heap after
{Heap after GC invocations=88 (full 0):
 garbage-first heap   total 445440K, used 296448K [0x0000000080000000, 0x0000000100000000)
  region size 1024K, 3 young (3072K), 3 survivors (3072K)
 Metaspace       used 201840K, committed 204800K, reserved 1245184K
  class space    used 25919K, committed 27456K, reserved 1048576K
}
Event: 313.928 GC heap before
{Heap before GC invocations=89 (full 0):
 garbage-first heap   total 506880K, used 335360K [0x0000000080000000, 0x0000000100000000)
  region size 1024K, 35 young (35840K), 3 survivors (3072K)
 Metaspace       used 201978K, committed 204992K, reserved 1245184K
  class space    used 25927K, committed 27456K, reserved 1048576K
}
Event: 313.950 GC heap after
{Heap after GC invocations=90 (full 0):
 garbage-first heap   total 506880K, used 300544K [0x0000000080000000, 0x0000000100000000)
  region size 1024K, 5 young (5120K), 5 survivors (5120K)
 Metaspace       used 201978K, committed 204992K, reserved 1245184K
  class space    used 25927K, committed 27456K, reserved 1048576K
}
Event: 320.914 GC heap before
{Heap before GC invocations=90 (full 0):
 garbage-first heap   total 506880K, used 478720K [0x0000000080000000, 0x0000000100000000)
  region size 1024K, 153 young (156672K), 5 survivors (5120K)
 Metaspace       used 206261K, committed 209280K, reserved 1245184K
  class space    used 26298K, committed 27840K, reserved 1048576K
}
Event: 321.057 GC heap after
{Heap after GC invocations=91 (full 0):
 garbage-first heap   total 506880K, used 306411K [0x0000000080000000, 0x0000000100000000)
  region size 1024K, 18 young (18432K), 18 survivors (18432K)
 Metaspace       used 206261K, committed 209280K, reserved 1245184K
  class space    used 26298K, committed 27840K, reserved 1048576K
}
Event: 321.339 GC heap before
{Heap before GC invocations=91 (full 0):
 garbage-first heap   total 506880K, used 312555K [0x0000000080000000, 0x0000000100000000)
  region size 1024K, 25 young (25600K), 18 survivors (18432K)
 Metaspace       used 206312K, committed 209344K, reserved 1245184K
  class space    used 26304K, committed 27840K, reserved 1048576K
}
Event: 321.388 GC heap after
{Heap after GC invocations=92 (full 0):
 garbage-first heap   total 506880K, used 308224K [0x0000000080000000, 0x0000000100000000)
  region size 1024K, 2 young (2048K), 2 survivors (2048K)
 Metaspace       used 206312K, committed 209344K, reserved 1245184K
  class space    used 26304K, committed 27840K, reserved 1048576K
}
Event: 333.621 GC heap before
{Heap before GC invocations=93 (full 0):
 garbage-first heap   total 537600K, used 482304K [0x0000000080000000, 0x0000000100000000)
  region size 1024K, 149 young (152576K), 2 survivors (2048K)
 Metaspace       used 208782K, committed 211776K, reserved 1245184K
  class space    used 26554K, committed 28096K, reserved 1048576K
}
Event: 333.657 GC heap after
{Heap after GC invocations=94 (full 0):
 garbage-first heap   total 537600K, used 312110K [0x0000000080000000, 0x0000000100000000)
  region size 1024K, 6 young (6144K), 6 survivors (6144K)
 Metaspace       used 208782K, committed 211776K, reserved 1245184K
  class space    used 26554K, committed 28096K, reserved 1048576K
}
Event: 336.557 GC heap before
{Heap before GC invocations=94 (full 0):
 garbage-first heap   total 537600K, used 482094K [0x0000000080000000, 0x0000000100000000)
  region size 1024K, 173 young (177152K), 6 survivors (6144K)
 Metaspace       used 209672K, committed 212672K, reserved 1245184K
  class space    used 26670K, committed 28224K, reserved 1048576K
}
Event: 336.634 GC heap after
{Heap after GC invocations=95 (full 0):
 garbage-first heap   total 537600K, used 309734K [0x0000000080000000, 0x0000000100000000)
  region size 1024K, 9 young (9216K), 9 survivors (9216K)
 Metaspace       used 209672K, committed 212672K, reserved 1245184K
  class space    used 26670K, committed 28224K, reserved 1048576K
}
Event: 338.864 GC heap before
{Heap before GC invocations=95 (full 0):
 garbage-first heap   total 537600K, used 484838K [0x0000000080000000, 0x0000000100000000)
  region size 1024K, 181 young (185344K), 9 survivors (9216K)
 Metaspace       used 209694K, committed 212672K, reserved 1245184K
  class space    used 26672K, committed 28224K, reserved 1048576K
}
Event: 338.933 GC heap after
{Heap after GC invocations=96 (full 0):
 garbage-first heap   total 537600K, used 309734K [0x0000000080000000, 0x0000000100000000)
  region size 1024K, 9 young (9216K), 9 survivors (9216K)
 Metaspace       used 209694K, committed 212672K, reserved 1245184K
  class space    used 26672K, committed 28224K, reserved 1048576K
}
Event: 345.015 GC heap before
{Heap before GC invocations=97 (full 0):
 garbage-first heap   total 537600K, used 481766K [0x0000000080000000, 0x0000000100000000)
  region size 1024K, 195 young (199680K), 9 survivors (9216K)
 Metaspace       used 212275K, committed 215296K, reserved 1245184K
  class space    used 27016K, committed 28544K, reserved 1048576K
}
Event: 345.098 GC heap after
{Heap after GC invocations=98 (full 0):
 garbage-first heap   total 537600K, used 310124K [0x0000000080000000, 0x0000000100000000)
  region size 1024K, 25 young (25600K), 25 survivors (25600K)
 Metaspace       used 212275K, committed 215296K, reserved 1245184K
  class space    used 27016K, committed 28544K, reserved 1048576K
}
Event: 346.823 GC heap before
{Heap before GC invocations=98 (full 0):
 garbage-first heap   total 537600K, used 483180K [0x0000000080000000, 0x0000000100000000)
  region size 1024K, 195 young (199680K), 25 survivors (25600K)
 Metaspace       used 215407K, committed 218432K, reserved 1245184K
  class space    used 27423K, committed 28992K, reserved 1048576K
}
Event: 347.014 GC heap after
{Heap after GC invocations=99 (full 0):
 garbage-first heap   total 541696K, used 315392K [0x0000000080000000, 0x0000000100000000)
  region size 1024K, 25 young (25600K), 25 survivors (25600K)
 Metaspace       used 215407K, committed 218432K, reserved 1245184K
  class space    used 27423K, committed 28992K, reserved 1048576K
}

